[31-Jan-2025 15:08:11 America/Santiago] Usuario:|rcastro| Ingreso al sistema
[02-Feb-2025 20:12:55 America/Santiago] Usuario:|rcastro| Ingreso al sistema
[03-Feb-2025 11:21:27 America/Santiago] Usuario:|ngatica| Ingreso al sistema
[03-Feb-2025 11:26:20 America/Santiago] Usuario:|ngatica| Ingreso al sistema
[06-Feb-2025 19:20:47 America/Santiago] Usuario:|rcastro| Ingreso al sistema
[06-Feb-2025 21:20:33 America/Santiago] Usuario:|rcastro| Ingreso al sistema
[17-Feb-2025 09:30:07 America/Santiago] Usuario:|rcastro| Ingreso al sistema
[17-Feb-2025 09:58:38 America/Santiago] Usuario:|fmedina| Ingreso al sistema
[17-Feb-2025 10:46:24 America/Santiago] Usuario:|rcastro| Ingreso al sistema
[17-Feb-2025 11:15:28 America/Santiago] Usuario:|fmedina| Ingreso al sistema
[17-Feb-2025 14:22:28 America/Santiago] Usuario:|fmedina| Ingreso al sistema
[17-Feb-2025 14:22:43 America/Santiago] Usuario:|rcastro| Ingreso al sistema
[17-Feb-2025 15:00:46 America/Santiago] Usuario:|rcastro| Ingreso al sistema
[17-Feb-2025 15:03:45 America/Santiago] Usuario:|rcastro| Ingreso al sistema
[17-Feb-2025 22:46:53 America/Santiago] Usuario:|fmedina| Ingreso al sistema
[18-Feb-2025 19:13:16 America/Santiago] Usuario:|rcastro| Ingreso al sistema
[19-Feb-2025 09:21:28 America/Santiago] Usuario:|fmedina| Ingreso al sistema
[20-Feb-2025 12:07:24 America/Santiago] Usuario:|rcastro| Ingreso al sistema
[20-Feb-2025 12:31:29 America/Santiago] Usuario:|rcastro| Ingreso al sistema
[20-Feb-2025 12:46:28 America/Santiago] Usuario:|fmedina| Ingreso al sistema
[20-Feb-2025 13:15:29 America/Santiago] Usuario:|rcastro| Ingreso al sistema
[20-Feb-2025 14:40:35 America/Santiago] Usuario:|rcastro| Ingreso al sistema
[21-Feb-2025 09:35:37 America/Santiago] Usuario:|rcastro| Ingreso al sistema
[21-Feb-2025 11:07:32 America/Santiago] Usuario:|ngatica| Ingreso al sistema
[21-Feb-2025 11:34:43 America/Santiago] Usuario:|rcastro| Ingreso al sistema
[26-Feb-2025 10:11:47 America/Santiago] Usuario:|rcastro| Ingreso al sistema
[27-Feb-2025 10:45:31 America/Santiago] Usuario:|rcastro| Ingreso al sistema
[27-Feb-2025 11:03:48 America/Santiago] Usuario:|rcastro| Ingreso al sistema
[28-Feb-2025 12:52:49 America/Santiago] Usuario:|rcastro| Ingreso al sistema
[28-Feb-2025 17:45:06 America/Santiago] Usuario:|rcastro| Ingreso al sistema
[03-Mar-2025 10:24:38 America/Santiago] Usuario:|rcastro| Ingreso al sistema
[03-Mar-2025 16:27:47 America/Santiago] Usuario:|rcastro| Ingreso al sistema
[06-Mar-2025 09:15:21 America/Santiago] Usuario:|rcastro| Ingreso al sistema
[06-Mar-2025 12:13:08 America/Santiago] Usuario:|rcastro| Ingreso al sistema
[07-Mar-2025 11:38:32 America/Santiago] Usuario:|rcastro| Ingreso al sistema
[07-Mar-2025 14:27:13 America/Santiago] Usuario:|rcastro| Ingreso al sistema
[10-Mar-2025 11:01:54 America/Santiago] Usuario:|fmedina| Ingreso al sistema
[10-Mar-2025 12:33:16 America/Santiago] Usuario:|fmedina| Ingreso al sistema
[10-Mar-2025 14:02:35 America/Santiago] Usuario:|ngatica| Ingreso al sistema
[10-Mar-2025 14:14:56 America/Santiago] Usuario:|rcastro| Ingreso al sistema
[11-Mar-2025 09:04:17 America/Santiago] Usuario:|fmedina| Ingreso al sistema
[11-Mar-2025 11:59:46 America/Santiago] Usuario:|rcastro| Ingreso al sistema
[12-Mar-2025 15:00:27 America/Santiago] Usuario:|rcastro| Ingreso al sistema
[13-Mar-2025 10:46:38 America/Santiago] Usuario:|rcastro| Ingreso al sistema
[14-Mar-2025 09:56:18 America/Santiago] Usuario:|fmedina| Ingreso al sistema
[25-Mar-2025 09:34:12 America/Santiago] Usuario:|rcastro| Ingreso al sistema
[25-Mar-2025 10:21:21 America/Santiago] Usuario:|rcastro| Ingreso al sistema
[25-Mar-2025 11:17:07 America/Santiago] Usuario:|rcastro| Ingreso al sistema
[25-Mar-2025 15:15:48 America/Santiago] Usuario:|fmedina| Ingreso al sistema
[25-Mar-2025 15:49:17 America/Santiago] Usuario:|rcastro| Ingreso al sistema
[26-Mar-2025 15:57:10 America/Santiago] Usuario:|fmedina| Ingreso al sistema
[31-Mar-2025 09:19:38 America/Santiago] Usuario:|fmedina| Ingreso al sistema
[31-Mar-2025 10:32:40 America/Santiago] Usuario:|rcastro| Ingreso al sistema
[01-Apr-2025 14:45:31 America/Santiago] Usuario:|fmedina| Ingreso al sistema
[04-Apr-2025 15:09:51 America/Santiago] Usuario:|ngatica| Ingreso al sistema
[06-Apr-2025 10:05:31 America/Santiago] Usuario:|rcastro| Ingreso al sistema
[08-Apr-2025 09:43:51 America/Santiago] Usuario:|rcastro| Ingreso al sistema
[11-Apr-2025 10:37:38 America/Santiago] Usuario:|rcastro| Ingreso al sistema
[11-Apr-2025 15:54:04 America/Santiago] Usuario:|rcastro| Ingreso al sistema
[15-Apr-2025 09:49:37 America/Santiago] Usuario:|rcastro| Ingreso al sistema
[15-Apr-2025 10:56:59 America/Santiago] Usuario:|rcastro| Ingreso al sistema
[15-Apr-2025 11:30:55 America/Santiago] Usuario:|rcastro| Ingreso al sistema
[15-Apr-2025 12:53:31 America/Santiago] Usuario:|ctorres| Ingreso al sistema
[15-Apr-2025 16:53:28 America/Santiago] Usuario:|rcastro| Ingreso al sistema
[16-Apr-2025 16:52:03 America/Santiago] Usuario:|rcastro| Ingreso al sistema
[16-Apr-2025 19:50:08 America/Santiago] Usuario:|rcastro| Ingreso al sistema
[17-Apr-2025 11:34:53 America/Santiago] Usuario:|rcastro| Ingreso al sistema
[21-Apr-2025 10:24:13 America/Santiago] Usuario:|rcastro| Ingreso al sistema
[21-Apr-2025 17:02:46 America/Santiago] Usuario:|rcastro| Ingreso al sistema
[22-Apr-2025 10:07:03 America/Santiago] Usuario:|rcastro| Ingreso al sistema
[22-Apr-2025 10:51:19 America/Santiago] Usuario:|rcastro| Ingreso al sistema
[22-Apr-2025 12:31:29 America/Santiago] Usuario:|rcastro| Ingreso al sistema
[22-Apr-2025 16:16:34 America/Santiago] Usuario:|rcastro| Ingreso al sistema
[22-Apr-2025 17:49:28 America/Santiago] Usuario:|rcastro| Ingreso al sistema
[23-Apr-2025 09:25:28 America/Santiago] Usuario:|rcastro| Ingreso al sistema
[23-Apr-2025 09:26:08 America/Santiago] Usuario:|fmedina| Ingreso al sistema
[23-Apr-2025 09:38:16 America/Santiago] Usuario:|rcastro| Ingreso al sistema
[23-Apr-2025 10:08:00 America/Santiago] Usuario:|ngatica| Ingreso al sistema
[23-Apr-2025 15:58:35 America/Santiago] Usuario:|rcastro| Ingreso al sistema
[23-Apr-2025 16:01:40 America/Santiago] Usuario:|fmedina| Ingreso al sistema
[25-Apr-2025 09:17:19 America/Santiago] Usuario:|rcastro| Ingreso al sistema
[25-Apr-2025 10:08:50 America/Santiago] Usuario:|rcastro| Ingreso al sistema
[25-Apr-2025 12:26:27 America/Santiago] Usuario:|rcastro| Ingreso al sistema
[28-Apr-2025 12:13:46 America/Santiago] Usuario:|ctorres| Ingreso al sistema
[28-Apr-2025 15:38:52 America/Santiago] Usuario:|rcastro| Ingreso al sistema
[28-Apr-2025 15:40:09 America/Santiago] Usuario:|jgalvez| Ingreso al sistema
[29-Apr-2025 08:39:56 America/Santiago] Usuario:|rcastro| Ingreso al sistema
[29-Apr-2025 09:57:40 America/Santiago] Usuario:|fmedina| Ingreso al sistema
[29-Apr-2025 10:17:44 America/Santiago] Usuario:|rcastro| Ingreso al sistema
[29-Apr-2025 14:58:15 America/Santiago] Usuario:|rcastro| Ingreso al sistema
[06-May-2025 09:47:19 America/Santiago] Usuario:|rcastro| Ingreso al sistema
[12-May-2025 17:12:00 America/Santiago] Usuario:|rcastro| Ingreso al sistema
[13-May-2025 09:49:49 America/Santiago] Usuario:|rcastro| Ingreso al sistema
[13-May-2025 11:43:21 America/Santiago] Usuario:|rcastro| Ingreso al sistema
[13-May-2025 11:54:29 America/Santiago] Usuario:|fmedina| Ingreso al sistema
[13-May-2025 12:54:22 America/Santiago] Usuario:|fmedina| Ingreso al sistema
[16-May-2025 11:18:56 America/Santiago] Usuario:|rcastro| Ingreso al sistema
[18-May-2025 09:58:06 America/Santiago] Usuario:|rcastro| Ingreso al sistema
[18-May-2025 10:25:53 America/Santiago] Usuario:|rcastro| Ingreso al sistema
[20-May-2025 11:04:58 America/Santiago] Usuario:|rcastro| Ingreso al sistema
[23-May-2025 11:48:25 America/Santiago] Usuario:|rcastro| Ingreso al sistema
[28-May-2025 15:02:18 America/Santiago] Usuario:|rcastro| Ingreso al sistema
[30-May-2025 15:35:32 America/Santiago] Usuario:|ctorres| Ingreso al sistema
[02-Jun-2025 11:54:27 America/Santiago] Usuario:|rcastro| Ingreso al sistema
[05-Jun-2025 17:03:24 America/Santiago] Usuario:|rcastro| Ingreso al sistema
[05-Jun-2025 17:03:48 America/Santiago] Usuario:|rcastro| Ingreso al sistema
[05-Jun-2025 19:45:27 America/Santiago] Usuario:|rcastro| Ingreso al sistema
[05-Jun-2025 19:59:05 America/Santiago] Error de autenticación (usuario o contraseña incorrectos): SQLSTATE[HY000] [1044] Access denied for user 'tiersist_tiersist'@'%' to database 'tiersist_sgp'
[05-Jun-2025 19:59:08 America/Santiago] Error de autenticación (usuario o contraseña incorrectos): SQLSTATE[HY000] [1044] Access denied for user 'tiersist_tiersist'@'%' to database 'tiersist_sgp'
[05-Jun-2025 19:59:11 America/Santiago] Error de autenticación (usuario o contraseña incorrectos): SQLSTATE[HY000] [1044] Access denied for user 'tiersist_tiersist'@'%' to database 'tiersist_sgp'
[05-Jun-2025 19:59:34 America/Santiago] Error de autenticación (usuario o contraseña incorrectos): SQLSTATE[HY000] [1044] Access denied for user 'tiersist_tiersist'@'%' to database 'tiersist_sgp'
[05-Jun-2025 19:59:37 America/Santiago] Error de autenticación (usuario o contraseña incorrectos): SQLSTATE[HY000] [1044] Access denied for user 'tiersist_tiersist'@'%' to database 'tiersist_sgp'
[05-Jun-2025 19:59:58 America/Santiago] Error de autenticación (usuario o contraseña incorrectos): SQLSTATE[HY000] [1044] Access denied for user 'tiersist_tiersist'@'%' to database 'tiersist_sgp'
[05-Jun-2025 20:00:28 America/Santiago] Error de autenticación (usuario o contraseña incorrectos): SQLSTATE[HY000] [1044] Access denied for user 'tiersist_tiersist'@'%' to database 'tiersist_sgp'
[05-Jun-2025 20:01:18 America/Santiago] Error de autenticación (usuario o contraseña incorrectos): SQLSTATE[HY000] [1044] Access denied for user 'tiersist_tiersist'@'%' to database 'tiersist_sgp'
[05-Jun-2025 20:01:24 America/Santiago] Error de autenticación (usuario o contraseña incorrectos): SQLSTATE[HY000] [1044] Access denied for user 'tiersist_tiersist'@'%' to database 'tiersist_sgp'
[05-Jun-2025 20:01:55 America/Santiago] Error de autenticación (usuario o contraseña incorrectos): SQLSTATE[HY000] [1044] Access denied for user 'tiersist_tiersist'@'%' to database 'tiersist_sgp'
[05-Jun-2025 20:03:49 America/Santiago] Error de autenticación (usuario o contraseña incorrectos): SQLSTATE[HY000] [1044] Access denied for user 'tiersist_tiersist'@'%' to database 'tiersist_sgp'
[05-Jun-2025 20:05:06 America/Santiago] Error de autenticación (usuario o contraseña incorrectos): SQLSTATE[HY000] [1044] Access denied for user 'tiersist_tiersist'@'%' to database 'tiersist_sgp'
[05-Jun-2025 20:05:10 America/Santiago] Error de autenticación (usuario o contraseña incorrectos): SQLSTATE[HY000] [1044] Access denied for user 'tiersist_tiersist'@'%' to database 'tiersist_sgp'
[05-Jun-2025 20:06:32 America/Santiago] Error de autenticación (usuario o contraseña incorrectos): SQLSTATE[HY000] [1044] Access denied for user 'tiersist_tiersist'@'%' to database 'tiersist_sgp'
[06-Jun-2025 09:11:56 America/Santiago] Error de autenticación (usuario o contraseña incorrectos): SQLSTATE[HY000] [1045] Access denied for user 'tiersist_tiersist'@'localhost' (using password: YES)
[06-Jun-2025 09:13:36 America/Santiago] Error de autenticación (usuario o contraseña incorrectos): SQLSTATE[HY000] [1045] Access denied for user 'tiersist_tiersist'@'localhost' (using password: YES)
[06-Jun-2025 09:13:41 America/Santiago] Error de autenticación (usuario o contraseña incorrectos): SQLSTATE[HY000] [1045] Access denied for user 'tiersist_tiersist'@'localhost' (using password: YES)
[06-Jun-2025 09:14:19 America/Santiago] Usuario:|rcastro| Ingreso al sistema
[06-Jun-2025 09:28:26 America/Santiago] Usuario:|rcastro| Ingreso al sistema
[06-Jun-2025 10:04:32 America/Santiago] PHP Warning:  require_once(controladores/quotes.controlador.php): Failed to open stream: No such file or directory in C:\xampp\htdocs\SGP-PROD\index.php on line 10
[06-Jun-2025 10:04:32 America/Santiago] PHP Fatal error:  Uncaught Error: Failed opening required 'controladores/quotes.controlador.php' (include_path='C:\xampp\php\PEAR') in C:\xampp\htdocs\SGP-PROD\index.php:10
Stack trace:
#0 {main}
  thrown in C:\xampp\htdocs\SGP-PROD\index.php on line 10
[06-Jun-2025 10:07:01 America/Santiago] Usuario:|rcastro| Ingreso al sistema
[06-Jun-2025 10:07:38 America/Santiago] Usuario:|rcastro| Ingreso al sistema
[06-Jun-2025 10:07:50 America/Santiago] Usuario:|fmedina| Ingreso al sistema
[06-Jun-2025 10:08:26 America/Santiago] Usuario:|rcastro| Ingreso al sistema
[06-Jun-2025 10:08:41 America/Santiago] PHP Fatal error:  Uncaught PDOException: SQLSTATE[HY000]: General error: 1364 Field 'estado' doesn't have a default value in C:\xampp\htdocs\SGP-PROD\modelos\usuarios.modelo.php:64
Stack trace:
#0 C:\xampp\htdocs\SGP-PROD\modelos\usuarios.modelo.php(64): PDOStatement->execute()
#1 C:\xampp\htdocs\SGP-PROD\controladores\usuarios.controlador.php(80): ModeloUsuarios::mdlIngresarUsuario('usuarios', Array)
#2 C:\xampp\htdocs\SGP-PROD\vistas\modulos\usuarios.php(151): ControladorUsuarios::ctrCrearUsuario()
#3 C:\xampp\htdocs\SGP-PROD\vistas\plantilla.php(107): include('C:\\xampp\\htdocs...')
#4 C:\xampp\htdocs\SGP-PROD\controladores\plantilla.controlador.php(7): include('C:\\xampp\\htdocs...')
#5 C:\xampp\htdocs\SGP-PROD\index.php(17): ControladorPlantilla->ctrPlantilla()
#6 {main}
  thrown in C:\xampp\htdocs\SGP-PROD\modelos\usuarios.modelo.php on line 64
[06-Jun-2025 10:08:48 America/Santiago] PHP Fatal error:  Uncaught PDOException: SQLSTATE[HY000]: General error: 1364 Field 'estado' doesn't have a default value in C:\xampp\htdocs\SGP-PROD\modelos\usuarios.modelo.php:64
Stack trace:
#0 C:\xampp\htdocs\SGP-PROD\modelos\usuarios.modelo.php(64): PDOStatement->execute()
#1 C:\xampp\htdocs\SGP-PROD\controladores\usuarios.controlador.php(80): ModeloUsuarios::mdlIngresarUsuario('usuarios', Array)
#2 C:\xampp\htdocs\SGP-PROD\vistas\modulos\usuarios.php(151): ControladorUsuarios::ctrCrearUsuario()
#3 C:\xampp\htdocs\SGP-PROD\vistas\plantilla.php(107): include('C:\\xampp\\htdocs...')
#4 C:\xampp\htdocs\SGP-PROD\controladores\plantilla.controlador.php(7): include('C:\\xampp\\htdocs...')
#5 C:\xampp\htdocs\SGP-PROD\index.php(17): ControladorPlantilla->ctrPlantilla()
#6 {main}
  thrown in C:\xampp\htdocs\SGP-PROD\modelos\usuarios.modelo.php on line 64
[06-Jun-2025 10:12:44 America/Santiago] Usuario:|otro| Ingreso al sistema
[06-Jun-2025 10:13:06 America/Santiago] Usuario:|otro2| Ingreso al sistema
[06-Jun-2025 10:13:13 America/Santiago] Usuario:|otro| Ingreso al sistema
[06-Jun-2025 10:33:44 America/Santiago] Usuario:|rcastro| Ingreso al sistema
[06-Jun-2025 14:21:07 America/Santiago] Usuario:|rcastro| Ingreso al sistema
[06-Jun-2025 14:37:22 America/Santiago] Error de conexión: SQLSTATE[HY000] [1049] Unknown database 'tiersist_sgp'
